<?xml version="1.0" encoding="UTF-8"?>
<!-- Generated by org.testng.reporters.JUnitXMLReporter -->
<testsuite ignored="0" hostname="PTCPD06" failures="1" tests="18" name="Test" time="105.797" errors="0" timestamp="2021-09-20T11:44:57 CEST">
  <testcase classname="prueba.Mavenjava.Homepage" name="acceso" time="0.242"/>
  <testcase classname="prueba.Mavenjava.Homepage" name="busqueda01" time="3.005"/>
  <testcase classname="prueba.Mavenjava.Homepage" name="busqueda02" time="12.854"/>
  <testcase classname="prueba.Mavenjava.Homepage" name="busqueda03" time="11.936"/>
  <testcase classname="prueba.Mavenjava.Homepage" name="busqueda04" time="3.508"/>
  <testcase classname="prueba.Mavenjava.Homepage" name="busqueda05" time="0.206"/>
  <testcase classname="prueba.Mavenjava.Homepage" name="busqueda06" time="0.124"/>
  <testcase classname="prueba.Mavenjava.Homepage" name="busqueda07" time="7.182"/>
  <testcase classname="prueba.Mavenjava.Homepage" name="busqueda08" time="8.134"/>
  <testcase classname="prueba.Mavenjava.Homepage" name="busqueda09" time="5.1"/>
  <testcase classname="prueba.Mavenjava.Homepage" name="busqueda10" time="6.285"/>
  <testcase classname="prueba.Mavenjava.Homepage" name="busqueda11" time="4.921"/>
  <testcase classname="prueba.Mavenjava.Homepage" name="busqueda12" time="3.137"/>
  <testcase classname="prueba.Mavenjava.Homepage" name="categoria01" time="2.854"/>
  <testcase classname="prueba.Mavenjava.Homepage" name="categoria02" time="5.849"/>
  <testcase classname="prueba.Mavenjava.Homepage" name="categoria03" time="4.017"/>
  <testcase classname="prueba.Mavenjava.Homepage" name="categoria04" time="3.946"/>
  <testcase classname="prueba.Mavenjava.PaginaBusqueda" name="busqueda13" time="0.573">
    <failure type="java.lang.NumberFormatException" message="For input string: &amp;quot;3,91 €&amp;quot;">
      <![CDATA[java.lang.NumberFormatException: For input string: "3,91 €"
at java.base/java.lang.NumberFormatException.forInputString(NumberFormatException.java:67)
at java.base/java.lang.Integer.parseInt(Integer.java:660)
at java.base/java.lang.Integer.parseInt(Integer.java:778)
at prueba.Mavenjava.PaginaBusqueda.busqueda13(PaginaBusqueda.java:59)
at java.base/java.util.ArrayList.forEach(ArrayList.java:1511)
... Removed 27 stack frames]]>
    </failure>
  </testcase> <!-- busqueda13 -->
</testsuite> <!-- Test -->
