<?xml version="1.0" encoding="UTF-8"?>
<testsuite xmlns:xsi="http://www.w3.org/2001/XMLSchema-instance" xsi:noNamespaceSchemaLocation="https://maven.apache.org/surefire/maven-surefire-plugin/xsd/surefire-test-report-3.0.xsd" version="3.0" name="prueba.Mavenjava.KioskoTest" time="0.998" tests="1" errors="0" skipped="0" failures="0">
  <properties>
[...]
</properties>
  <testcase name="PruebaAutomatizacion on PruebaAutomatizacion(prueba.Mavenjava.KioskoTest)" classname="prueba.Mavenjava.KioskoTest" time="0.008">
    <system-out><![CDATA[Automatización 1
]]></system-out>
  </testcase>
</testsuite>