<?xml version="1.0" encoding="UTF-8"?>
<testng-results ignored="0" total="2" passed="2" failed="0" skipped="0">
  <reporter-output>
  </reporter-output>
  <suite started-at="2021-08-25T14:36:32 CEST" name="Suite" finished-at="2021-08-25T14:36:49 CEST" duration-ms="16898">
    <groups>
    </groups>
    <test started-at="2021-08-25T14:36:32 CEST" name="Test" finished-at="2021-08-25T14:36:49 CEST" duration-ms="16898">
      <class name="prueba.Mavenjava.Homepage">
        <test-method is-config="true" signature="inicializar()[pri:0, instance:prueba.Mavenjava.Homepage@13e3c1c7]" started-at="2021-08-25T14:36:32 CEST" name="inicializar" finished-at="2021-08-25T14:36:38 CEST" duration-ms="6739" status="PASS">
          <reporter-output>
          </reporter-output>
        </test-method> <!-- inicializar -->
        <test-method signature="acceso()[pri:0, instance:prueba.Mavenjava.Homepage@13e3c1c7]" started-at="2021-08-25T14:36:39 CEST" name="acceso" finished-at="2021-08-25T14:36:39 CEST" duration-ms="344" status="PASS">
          <reporter-output>
          </reporter-output>
        </test-method> <!-- acceso -->
        <test-method signature="busqueda1()[pri:0, instance:prueba.Mavenjava.Homepage@13e3c1c7]" started-at="2021-08-25T14:36:39 CEST" name="busqueda1" finished-at="2021-08-25T14:36:44 CEST" duration-ms="5524" status="PASS">
          <reporter-output>
          </reporter-output>
        </test-method> <!-- busqueda1 -->
        <test-method is-config="true" signature="terminar()[pri:0, instance:prueba.Mavenjava.Homepage@13e3c1c7]" started-at="2021-08-25T14:36:44 CEST" name="terminar" finished-at="2021-08-25T14:36:49 CEST" duration-ms="4193" status="PASS">
          <reporter-output>
          </reporter-output>
        </test-method> <!-- terminar -->
      </class> <!-- prueba.Mavenjava.Homepage -->
    </test> <!-- Test -->
  </suite> <!-- Suite -->
</testng-results>
